# JRE version: Java(TM) SE Runtime Environment (8.0_25-b18) (build 1.8.0_25-b18)
# Java VM: Java HotSpot(TM) 64-Bit Server VM (25.25-b02 mixed mode windows-amd64 compressed oops)
Heap:
 PSYoungGen      total 316928K, used 44250K [0x00000000eab00000, 0x0000000100000000, 0x0000000100000000)
  eden space 285184K, 4% used [0x00000000eab00000,0x00000000eb7368f8,0x00000000fc180000)
  from space 31744K, 99% used [0x00000000fc180000,0x00000000fe07ffd0,0x00000000fe080000)
  to   space 32256K, 0% used [0x00000000fe080000,0x00000000fe080000,0x0000000100000000)
 ParOldGen       total 120320K, used 53520K [0x00000000c0000000, 0x00000000c7580000, 0x00000000eab00000)
  object space 120320K, 44% used [0x00000000c0000000,0x00000000c3444138,0x00000000c7580000)
 Metaspace       used 64511K, capacity 68453K, committed 68736K, reserved 1107968K
  class space    used 8945K, capacity 10328K, committed 10368K, reserved 1048576K
GC Heap History (10 events):
Event: 18.910 GC heap before
{Heap before GC invocations=16 (full 3):
 PSYoungGen      total 238592K, used 18935K [0x00000000eab00000, 0x00000000fd280000, 0x0000000100000000)
  eden space 219648K, 0% used [0x00000000eab00000,0x00000000eab00000,0x00000000f8180000)
  from space 18944K, 99% used [0x00000000f8180000,0x00000000f93fdca0,0x00000000f9400000)
  to   space 22528K, 0% used [0x00000000fbc80000,0x00000000fbc80000,0x00000000fd280000)
 ParOldGen       total 120320K, used 31739K [0x00000000c0000000, 0x00000000c7580000, 0x00000000eab00000)
  object space 120320K, 26% used [0x00000000c0000000,0x00000000c1efec88,0x00000000c7580000)
 Metaspace       used 40357K, capacity 42567K, committed 42880K, reserved 1085440K
  class space    used 5596K, capacity 6412K, committed 6528K, reserved 1048576K
Event: 19.694 GC heap after
Heap after GC invocations=16 (full 3):
 PSYoungGen      total 238592K, used 0K [0x00000000eab00000, 0x00000000fd280000, 0x0000000100000000)
  eden space 219648K, 0% used [0x00000000eab00000,0x00000000eab00000,0x00000000f8180000)
  from space 18944K, 0% used [0x00000000f8180000,0x00000000f8180000,0x00000000f9400000)
  to   space 22528K, 0% used [0x00000000fbc80000,0x00000000fbc80000,0x00000000fd280000)
 ParOldGen       total 120320K, used 43532K [0x00000000c0000000, 0x00000000c7580000, 0x00000000eab00000)
  object space 120320K, 36% used [0x00000000c0000000,0x00000000c2a831c0,0x00000000c7580000)
 Metaspace       used 40215K, capacity 42065K, committed 42880K, reserved 1085440K
  class space    used 5562K, capacity 6242K, committed 6528K, reserved 1048576K
}
Event: 28.396 GC heap before
{Heap before GC invocations=17 (full 3):
 PSYoungGen      total 238592K, used 219648K [0x00000000eab00000, 0x00000000fd280000, 0x0000000100000000)
  eden space 219648K, 100% used [0x00000000eab00000,0x00000000f8180000,0x00000000f8180000)
  from space 18944K, 0% used [0x00000000f8180000,0x00000000f8180000,0x00000000f9400000)
  to   space 22528K, 0% used [0x00000000fbc80000,0x00000000fbc80000,0x00000000fd280000)
 ParOldGen       total 120320K, used 43532K [0x00000000c0000000, 0x00000000c7580000, 0x00000000eab00000)
  object space 120320K, 36% used [0x00000000c0000000,0x00000000c2a831c0,0x00000000c7580000)
 Metaspace       used 46426K, capacity 49119K, committed 49280K, reserved 1091584K
  class space    used 6432K, capacity 7425K, committed 7552K, reserved 1048576K
Event: 28.437 GC heap after
Heap after GC invocations=17 (full 3):
 PSYoungGen      total 275456K, used 21912K [0x00000000eab00000, 0x00000000fd500000, 0x0000000100000000)
  eden space 252928K, 0% used [0x00000000eab00000,0x00000000eab00000,0x00000000fa200000)
  from space 22528K, 97% used [0x00000000fbc80000,0x00000000fd1e6288,0x00000000fd280000)
  to   space 26112K, 0% used [0x00000000fa200000,0x00000000fa200000,0x00000000fbb80000)
 ParOldGen       total 120320K, used 43540K [0x00000000c0000000, 0x00000000c7580000, 0x00000000eab00000)
  object space 120320K, 36% used [0x00000000c0000000,0x00000000c2a851c0,0x00000000c7580000)
 Metaspace       used 46426K, capacity 49119K, committed 49280K, reserved 1091584K
  class space    used 6432K, capacity 7425K, committed 7552K, reserved 1048576K
}
Event: 32.694 GC heap before
{Heap before GC invocations=18 (full 3):
 PSYoungGen      total 275456K, used 274840K [0x00000000eab00000, 0x00000000fd500000, 0x0000000100000000)
  eden space 252928K, 100% used [0x00000000eab00000,0x00000000fa200000,0x00000000fa200000)
  from space 22528K, 97% used [0x00000000fbc80000,0x00000000fd1e6288,0x00000000fd280000)
  to   space 26112K, 0% used [0x00000000fa200000,0x00000000fa200000,0x00000000fbb80000)
 ParOldGen       total 120320K, used 43540K [0x00000000c0000000, 0x00000000c7580000, 0x00000000eab00000)
  object space 120320K, 36% used [0x00000000c0000000,0x00000000c2a851c0,0x00000000c7580000)
 Metaspace       used 49644K, capacity 52390K, committed 52480K, reserved 1093632K
  class space    used 6879K, capacity 7850K, committed 7936K, reserved 1048576K
Event: 32.753 GC heap after
Heap after GC invocations=18 (full 3):
 PSYoungGen      total 279040K, used 25824K [0x00000000eab00000, 0x0000000100000000, 0x0000000100000000)
  eden space 252928K, 0% used [0x00000000eab00000,0x00000000eab00000,0x00000000fa200000)
  from space 26112K, 98% used [0x00000000fa200000,0x00000000fbb383c8,0x00000000fbb80000)
  to   space 30208K, 0% used [0x00000000fe280000,0x00000000fe280000,0x0000000100000000)
 ParOldGen       total 120320K, used 43548K [0x00000000c0000000, 0x00000000c7580000, 0x00000000eab00000)
  object space 120320K, 36% used [0x00000000c0000000,0x00000000c2a871c0,0x00000000c7580000)
 Metaspace       used 49644K, capacity 52390K, committed 52480K, reserved 1093632K
  class space    used 6879K, capacity 7850K, committed 7936K, reserved 1048576K
}
Event: 1376.373 GC heap before
{Heap before GC invocations=19 (full 3):
 PSYoungGen      total 279040K, used 278752K [0x00000000eab00000, 0x0000000100000000, 0x0000000100000000)
  eden space 252928K, 100% used [0x00000000eab00000,0x00000000fa200000,0x00000000fa200000)
  from space 26112K, 98% used [0x00000000fa200000,0x00000000fbb383c8,0x00000000fbb80000)
  to   space 30208K, 0% used [0x00000000fe280000,0x00000000fe280000,0x0000000100000000)
 ParOldGen       total 120320K, used 43548K [0x00000000c0000000, 0x00000000c7580000, 0x00000000eab00000)
  object space 120320K, 36% used [0x00000000c0000000,0x00000000c2a871c0,0x00000000c7580000)
 Metaspace       used 51067K, capacity 54000K, committed 54272K, reserved 1095680K
  class space    used 7102K, capacity 8149K, committed 8192K, reserved 1048576K
Event: 1376.406 GC heap after
Heap after GC invocations=19 (full 3):
 PSYoungGen      total 314880K, used 21607K [0x00000000eab00000, 0x00000000fff80000, 0x0000000100000000)
  eden space 285184K, 0% used [0x00000000eab00000,0x00000000eab00000,0x00000000fc180000)
  from space 29696K, 72% used [0x00000000fe280000,0x00000000ff799c10,0x00000000fff80000)
  to   space 31744K, 0% used [0x00000000fc180000,0x00000000fc180000,0x00000000fe080000)
 ParOldGen       total 120320K, used 43556K [0x00000000c0000000, 0x00000000c7580000, 0x00000000eab00000)
  object space 120320K, 36% used [0x00000000c0000000,0x00000000c2a891c0,0x00000000c7580000)
 Metaspace       used 51067K, capacity 54000K, committed 54272K, reserved 1095680K
  class space    used 7102K, capacity 8149K, committed 8192K, reserved 1048576K
}
Event: 1381.816 GC heap before
{Heap before GC invocations=20 (full 3):
 PSYoungGen      total 314880K, used 306791K [0x00000000eab00000, 0x00000000fff80000, 0x0000000100000000)
  eden space 285184K, 100% used [0x00000000eab00000,0x00000000fc180000,0x00000000fc180000)
  from space 29696K, 72% used [0x00000000fe280000,0x00000000ff799c10,0x00000000fff80000)
  to   space 31744K, 0% used [0x00000000fc180000,0x00000000fc180000,0x00000000fe080000)
 ParOldGen       total 120320K, used 43556K [0x00000000c0000000, 0x00000000c7580000, 0x00000000eab00000)
  object space 120320K, 36% used [0x00000000c0000000,0x00000000c2a891c0,0x00000000c7580000)
 Metaspace       used 64328K, capacity 68303K, committed 68480K, reserved 1107968K
  class space    used 8896K, capacity 10296K, committed 10368K, reserved 1048576K
Event: 1381.901 GC heap after
Heap after GC invocations=20 (full 3):
 PSYoungGen      total 316928K, used 31743K [0x00000000eab00000, 0x0000000100000000, 0x0000000100000000)
  eden space 285184K, 0% used [0x00000000eab00000,0x00000000eab00000,0x00000000fc180000)
  from space 31744K, 99% used [0x00000000fc180000,0x00000000fe07ffd0,0x00000000fe080000)
  to   space 32256K, 0% used [0x00000000fe080000,0x00000000fe080000,0x0000000100000000)
 ParOldGen       total 120320K, used 53520K [0x00000000c0000000, 0x00000000c7580000, 0x00000000eab00000)
  object space 120320K, 44% used [0x00000000c0000000,0x00000000c3444138,0x00000000c7580000)
 Metaspace       used 64328K, capacity 68303K, committed 68480K, reserved 1107968K
  class space    used 8896K, capacity 10296K, committed 10368K, reserved 1048576K
}

